Start testing: May 27 23:32 MSK
----------------------------------------------------------
1/1 Testing: BridgeTests
1/1 Test: BridgeTests
Command: "/home/ka1te/ka1te6/workspace/projects/rk2/build/tests/BridgeTests"
Directory: /home/ka1te/ka1te6/workspace/projects/rk2/build/tests
"BridgeTests" start time: May 27 23:32 MSK
Output:
----------------------------------------------------------
Running main() from ./googletest/src/gtest_main.cc
[==========] Running 2 tests from 2 test suites.
[----------] Global test environment set-up.
[----------] 1 test from HDLCTest
[ RUN      ] HDLCTest.SendData
[       OK ] HDLCTest.SendData (0 ms)
[----------] 1 test from HDLCTest (0 ms total)

[----------] 1 test from ModbusTest
[ RUN      ] ModbusTest.SendData
[       OK ] ModbusTest.SendData (0 ms)
[----------] 1 test from ModbusTest (0 ms total)

[----------] Global test environment tear-down
[==========] 2 tests from 2 test suites ran. (1 ms total)
[  PASSED  ] 2 tests.
<end of output>
Test time =   0.03 sec
----------------------------------------------------------
Test Passed.
"BridgeTests" end time: May 27 23:32 MSK
"BridgeTests" time elapsed: 00:00:00
----------------------------------------------------------

End testing: May 27 23:32 MSK
